e:\study\gitproj\fmango\core\obj\debug\bundle.obj
e:\study\gitproj\fmango\core\obj\debug\camera.obj
e:\study\gitproj\fmango\core\obj\debug\context.obj
e:\study\gitproj\fmango\core\obj\debug\drawable.obj
e:\study\gitproj\fmango\core\obj\debug\filesystem.obj
e:\study\gitproj\fmango\core\obj\debug\framebuffer.obj
e:\study\gitproj\fmango\core\obj\debug\indexbuffer.obj
e:\study\gitproj\fmango\core\obj\debug\main.obj
e:\study\gitproj\fmango\core\obj\debug\mesh.obj
e:\study\gitproj\fmango\core\obj\debug\model.obj
e:\study\gitproj\fmango\core\obj\debug\node.obj
e:\study\gitproj\fmango\core\obj\debug\oglrenderer.obj
e:\study\gitproj\fmango\core\obj\debug\ref.obj
e:\study\gitproj\fmango\core\obj\debug\renderer.obj
e:\study\gitproj\fmango\core\obj\debug\samplescene.obj
e:\study\gitproj\fmango\core\obj\debug\scene.obj
e:\study\gitproj\fmango\core\obj\debug\shaderprogram.obj
e:\study\gitproj\fmango\core\obj\debug\vertexbuffer.obj
e:\study\gitproj\fmango\core\cored.pdb
e:\study\gitproj\fmango\core\cored.lib
e:\study\gitproj\fmango\core\cored.idb
e:\study\gitproj\fmango\core\cored.exp
e:\study\gitproj\fmango\core\cored.ilk
e:\study\gitproj\fmango\core\cored.exe
e:\study\gitproj\fmango\core\obj\debug\cl.command.1.tlog
e:\study\gitproj\fmango\core\obj\debug\cl.read.1.tlog
e:\study\gitproj\fmango\core\obj\debug\cl.write.1.tlog
e:\study\gitproj\fmango\core\obj\debug\lib-link.read.1.tlog
e:\study\gitproj\fmango\core\obj\debug\lib-link.write.1.tlog
e:\study\gitproj\fmango\core\obj\debug\lib.command.1.tlog
e:\study\gitproj\fmango\core\obj\debug\lib.read.1.tlog
e:\study\gitproj\fmango\core\.\cored.lib
e:\study\gitproj\fmango\core\obj\debug\fmango_core.tlog\cl.command.1.tlog
e:\study\gitproj\fmango\core\obj\debug\fmango_core.tlog\cl.read.1.tlog
e:\study\gitproj\fmango\core\obj\debug\fmango_core.tlog\cl.write.1.tlog
e:\study\gitproj\fmango\core\obj\debug\fmango_core.tlog\fmango_core.write.1u.tlog
e:\study\gitproj\fmango\core\obj\debug\fmango_core.tlog\lib-link.write.1.tlog
e:\study\gitproj\fmango\core\obj\debug\fmango_core.tlog\lib.command.1.tlog
e:\study\gitproj\fmango\core\obj\debug\fmango_core.tlog\lib.read.1.tlog
e:\study\gitproj\fmango\core\obj\debug\fmango_core.tlog\link.command.1.tlog
e:\study\gitproj\fmango\core\obj\debug\fmango_core.tlog\link.read.1.tlog
e:\study\gitproj\fmango\core\obj\debug\fmango_core.tlog\link.write.1.tlog
